<?xml version="1.0" encoding="UTF-8"?>
<testsuite xmlns:xsi="http://www.w3.org/2001/XMLSchema-instance" xsi:schemaLocation="https://maven.apache.org/surefire/maven-surefire-plugin/xsd/surefire-test-report.xsd" name="TestCasesPackage.PostARequest" time="1.282" tests="3" errors="0" skipped="0" failures="0">
  <properties>
[...]
</properties>
  <testcase name="postRequestTest[2]" classname="TestCasesPackage.PostARequest" time="0.977"/>
  <testcase name="postRequestTest[0]" classname="TestCasesPackage.PostARequest" time="0.995"/>
  <testcase name="postRequestTest[1]" classname="TestCasesPackage.PostARequest" time="1.021"/>
</testsuite>